<?xml version="1.0" encoding="UTF-8"?>
<!-- Generated by org.testng.reporters.JUnitXMLReporter -->
<testsuite hostname="DESKTOP-NPGNVUT" ignored="3" name="Homepage" tests="2" failures="2" timestamp="2020-05-21T21:08:51 EDT" time="0.04" errors="0">
  <testcase name="SiteTitle" time="0.006" classname="seleniumTestNG.Selenium_Day1_Example">
    <failure type="java.lang.NullPointerException">
      <![CDATA[java.lang.NullPointerException
at seleniumTestNG.Selenium_Day1_Example.SiteTitle(Selenium_Day1_Example.java:155)
at java.util.ArrayList.forEach(Unknown Source)
... Removed 27 stack frames]]>
    </failure>
  </testcase> <!-- SiteTitle -->
  <testcase name="VerifyLogo" time="0.003" classname="seleniumTestNG.Selenium_Day1_Example">
    <failure type="java.lang.NullPointerException">
      <![CDATA[java.lang.NullPointerException
at seleniumTestNG.Selenium_Day1_Example.VerifyLogo(Selenium_Day1_Example.java:196)
at java.util.ArrayList.forEach(Unknown Source)
... Removed 27 stack frames]]>
    </failure>
  </testcase> <!-- VerifyLogo -->
  <testcase name="VerifyLogin" time="0.0" classname="seleniumTestNG.Selenium_Day1_Example">
    <ignored/>
  </testcase> <!-- VerifyLogin -->
  <testcase name="CreateAccount" time="0.0" classname="seleniumTestNG.Selenium_Day1_Example">
    <ignored/>
  </testcase> <!-- CreateAccount -->
  <testcase name="verifyFeilds" time="0.0" classname="seleniumTestNG.Selenium_Day1_Example">
    <ignored/>
  </testcase> <!-- verifyFeilds -->
</testsuite> <!-- Homepage -->
