<?xml version="1.0" encoding="UTF-8"?>
<!-- Generated by org.testng.reporters.JUnitXMLReporter -->
<testsuite hostname="DESKTOP-NPGNVUT" ignored="0" name="Test" tests="3" failures="0" timestamp="2020-06-03T22:07:10 EDT" time="27.68" errors="0">
  <testcase name="invalidCredentials" time="0.336" classname="com.SalesFroce.TestFile.LoginTest"/>
  <testcase name="usingValidCredentials" time="0.952" classname="com.SalesFroce.TestFile.LoginTest"/>
  <testcase name="createLead" time="3.583" classname="com.SalesFroce.TestFile.LeadTest"/>
</testsuite> <!-- Test -->
