<?xml version="1.0" encoding="UTF-8"?>
<!-- Generated by org.testng.reporters.JUnitXMLReporter -->
<testsuite hostname="DESKTOP-NPGNVUT" ignored="4" name="Sales Force project" tests="8" failures="0" timestamp="2020-05-21T19:47:03 EDT" time="13.968" errors="0">
  <testcase name="test" time="0.005" classname="seleniumTestNG.TestNG_Day03"/>
  <testcase name="firstMethod" time="0.0" classname="seleniumTestNG.TestNG_Dayy02_Priorities"/>
  <testcase name="secondMethod" time="0.001" classname="seleniumTestNG.TestNG_Dayy02_Priorities"/>
  <testcase name="thirdMethod" time="0.001" classname="seleniumTestNG.TestNG_Dayy02_Priorities"/>
  <testcase name="fourthMethod" time="0.0" classname="seleniumTestNG.TestNG_Dayy02_Priorities"/>
  <testcase name="verifyFeilds" time="6.582" classname="seleniumTestNG.Selenium_Day1_Example"/>
  <testcase name="exampleOne" time="0.003" classname="seleniumTestNG.TestNG_Day1"/>
  <testcase name="methodTwo" time="0.002" classname="seleniumTestNG.TestNG_Day1"/>
  <testcase name="SiteTitle" time="0.0" classname="seleniumTestNG.Selenium_Day1_Example">
    <ignored/>
  </testcase> <!-- SiteTitle -->
  <testcase name="VerifyLogin" time="0.0" classname="seleniumTestNG.Selenium_Day1_Example">
    <ignored/>
  </testcase> <!-- VerifyLogin -->
  <testcase name="CreateAccount" time="0.0" classname="seleniumTestNG.Selenium_Day1_Example">
    <ignored/>
  </testcase> <!-- CreateAccount -->
  <testcase name="VerifyLogo" time="0.0" classname="seleniumTestNG.Selenium_Day1_Example">
    <ignored/>
  </testcase> <!-- VerifyLogo -->
</testsuite> <!-- Sales Force project -->
