<?xml version="1.0" encoding="UTF-8"?>
<testng-results ignored="0" total="0" passed="0" failed="0" skipped="0">
  <reporter-output>
  </reporter-output>
  <suite started-at="2022-03-14T21:32:41 EDT" name="com.classwork.testfile.OpportunitiesTest" finished-at="2022-03-14T21:32:41 EDT" duration-ms="8">
    <groups>
    </groups>
    <test started-at="2022-03-14T21:32:41 EDT" name="Command line test" finished-at="2022-03-14T21:32:41 EDT" duration-ms="8">
    </test> <!-- Command line test -->
  </suite> <!-- com.classwork.testfile.OpportunitiesTest -->
</testng-results>
