<?xml version="1.0" encoding="UTF-8"?>
<testsuite name="runner.TestRunner" time="0.135" tests="4" errors="0" skipped="0" failures="1">
  <properties>
[...]
</properties>
  <testcase name="As an authenticated user I should be able to login #1" classname="Test the login functionality" time="0.099"/>
  <testcase name="As an authenticated user I should be able to login #2" classname="Test the login functionality" time="0.009"/>
  <testcase name="As an authenticated user I should be able to login #3" classname="Test the login functionality" time="0.011"/>
  <testcase name="As an authenticated user I should be able to login #4" classname="Test the login functionality" time="0.016">
    <failure type="java.lang.AssertionError:">java.lang.AssertionError: null
	at org.junit.Assert.fail(Assert.java:87)
	at org.junit.Assert.assertTrue(Assert.java:42)
	at org.junit.Assert.assertTrue(Assert.java:53)
	at stepDefinitions.LoginPage.i_should_not_check_more_outcomes(LoginPage.java:45)
	at ✽.I should not check more outcomes(file:///C:/Users/fahim/eclipse-workspace/com.codegator.cucumber2/Features/login.feature:39)
</failure>
    <system-out><![CDATA[I Open the browser
I Visit the application
I enter username
I enter the password
I click login button
I should see dashboard page
]]></system-out>
  </testcase>
</testsuite>