<?xml version="1.0" encoding="UTF-8"?>
<testng-results skipped="0" failed="0" ignored="0" total="1" passed="1">
  <reporter-output>
  </reporter-output>
  <suite name="Default suite" duration-ms="33" started-at="2022-03-01T21:24:51 EST" finished-at="2022-03-01T21:24:51 EST">
    <groups>
    </groups>
    <test name="Default test" duration-ms="33" started-at="2022-03-01T21:24:51 EST" finished-at="2022-03-01T21:24:51 EST">
      <class name="com.codegator.testng.MavenExapmple">
        <test-method status="PASS" signature="methodOne()[pri:0, instance:com.codegator.testng.MavenExapmple@1a1d6a08]" name="methodOne" duration-ms="5" started-at="2022-03-01T21:24:51 EST" finished-at="2022-03-01T21:24:51 EST">
          <reporter-output>
          </reporter-output>
        </test-method> <!-- methodOne -->
      </class> <!-- com.codegator.testng.MavenExapmple -->
    </test> <!-- Default test -->
  </suite> <!-- Default suite -->
</testng-results>
