<?xml version="1.0" encoding="UTF-8"?>
<!-- Generated by org.testng.reporters.JUnitXMLReporter -->
<testsuite hostname="DESKTOP-NPGNVUT" ignored="0" name="Default test" tests="3" failures="0" timestamp="2020-06-08T22:18:02 EDT" time="28.707" errors="0">
  <testcase name="usingValidCredentials" time="1.087" classname="com.SalesFroce.TestFile.LoginTestUsingExcell"/>
  <testcase name="usingValidCredentials" time="6.483" classname="com.SalesFroce.TestFile.LoginTestUsingExcell"/>
  <testcase name="usingValidCredentials" time="1.023" classname="com.SalesFroce.TestFile.LoginTestUsingExcell"/>
</testsuite> <!-- Default test -->
