<?xml version="1.0" encoding="UTF-8"?>
<testng-results ignored="0" total="1" passed="1" failed="0" skipped="0">
  <reporter-output>
  </reporter-output>
  <suite started-at="2022-03-02T19:18:38 EST" name="Suite" finished-at="2022-03-02T19:18:42 EST" duration-ms="3797">
    <groups>
    </groups>
    <test started-at="2022-03-02T19:18:38 EST" name="Test" finished-at="2022-03-02T19:18:42 EST" duration-ms="3797">
      <class name="com.codegator.testng.MavenExapmple">
        <test-method signature="methodOne()[pri:0, instance:com.codegator.testng.MavenExapmple@510f3d34]" started-at="2022-03-02T19:18:38 EST" name="methodOne" finished-at="2022-03-02T19:18:42 EST" duration-ms="3768" status="PASS">
          <reporter-output>
          </reporter-output>
        </test-method> <!-- methodOne -->
      </class> <!-- com.codegator.testng.MavenExapmple -->
    </test> <!-- Test -->
  </suite> <!-- Suite -->
</testng-results>
