<?xml version="1.0" encoding="UTF-8"?>
<!-- Generated by org.testng.reporters.JUnitXMLReporter -->
<testsuite hostname="DESKTOP-NPGNVUT" ignored="1" name="Test" tests="2" failures="0" timestamp="2020-05-21T21:23:03 EDT" time="0.036" errors="0">
  <testcase name="test1" time="0.006" classname="seleniumTestNG1.TestNG_Day03"/>
  <testcase name="test2" time="0.001" classname="seleniumTestNG1.TestNG_Day03"/>
  <testcase name="test" time="0.0" classname="seleniumTestNG1.TestNG_Day03">
    <ignored/>
  </testcase> <!-- test -->
</testsuite> <!-- Test -->
