<?xml version="1.0" encoding="UTF-8"?>
<!-- Generated by org.testng.reporters.JUnitXMLReporter -->
<testsuite hostname="DESKTOP-NPGNVUT" ignored="3" name="SalesForce" tests="2" failures="0" timestamp="2020-05-31T15:22:29 EDT" time="24.075" errors="0">
  <testcase name="VerifyLogin" time="1.047" classname="seleniumTestNG.Selenium_Day1_Example"/>
  <testcase name="verifyFeilds" time="9.017" classname="seleniumTestNG.Selenium_Day1_Example"/>
  <testcase name="SiteTitle" time="0.0" classname="seleniumTestNG.Selenium_Day1_Example">
    <ignored/>
  </testcase> <!-- SiteTitle -->
  <testcase name="CreateAccount" time="0.0" classname="seleniumTestNG.Selenium_Day1_Example">
    <ignored/>
  </testcase> <!-- CreateAccount -->
  <testcase name="VerifyLogo" time="0.0" classname="seleniumTestNG.Selenium_Day1_Example">
    <ignored/>
  </testcase> <!-- VerifyLogo -->
</testsuite> <!-- SalesForce -->
