<?xml version="1.0" encoding="UTF-8"?>
<!-- Generated by org.testng.reporters.JUnitXMLReporter -->
<testsuite hostname="DESKTOP-NPGNVUT" ignored="4" name="homepage" tests="4" failures="0" timestamp="2020-05-21T21:40:38 EDT" time="13.894" errors="0">
  <testcase name="SiteTitle" time="0.013" classname="seleniumTestNG.Selenium_Day1_Example"/>
  <testcase name="VerifyLogo" time="0.046" classname="seleniumTestNG.Selenium_Day1_Example"/>
  <testcase name="test1" time="0.002" classname="seleniumTestNG1.TestNG_Day03"/>
  <testcase name="test2" time="0.002" classname="seleniumTestNG1.TestNG_Day03"/>
  <testcase name="VerifyLogin" time="0.0" classname="seleniumTestNG.Selenium_Day1_Example">
    <ignored/>
  </testcase> <!-- VerifyLogin -->
  <testcase name="CreateAccount" time="0.0" classname="seleniumTestNG.Selenium_Day1_Example">
    <ignored/>
  </testcase> <!-- CreateAccount -->
  <testcase name="verifyFeilds" time="0.0" classname="seleniumTestNG.Selenium_Day1_Example">
    <ignored/>
  </testcase> <!-- verifyFeilds -->
  <testcase name="test" time="0.0" classname="seleniumTestNG1.TestNG_Day03">
    <ignored/>
  </testcase> <!-- test -->
</testsuite> <!-- homepage -->
