<?xml version="1.0" encoding="UTF-8"?>
<testng-results skipped="0" failed="1" ignored="0" total="2" passed="1">
  <reporter-output>
  </reporter-output>
  <suite name="Default suite" duration-ms="12860" started-at="2022-02-11T12:18:40 EST" finished-at="2022-02-11T12:18:53 EST">
    <groups>
    </groups>
    <test name="Default test" duration-ms="12860" started-at="2022-02-11T12:18:40 EST" finished-at="2022-02-11T12:18:53 EST">
      <class name="com.salseFroce.TestScripts.LoginPageTest">
        <test-method status="FAIL" signature="usingInvalidCredentials(java.lang.String, java.lang.String)[pri:0, instance:com.salseFroce.TestScripts.LoginPageTest@5ae63ade]" name="usingInvalidCredentials" duration-ms="0" started-at="2022-02-11T12:18:40 EST" finished-at="2022-02-11T12:18:40 EST">
          <exception class="org.testng.TestNGException">
            <message>
              <![CDATA[
Parameter 'user' is required by @Test on method usingInvalidCredentials but has not been marked @Optional or defined
in C:\Users\fahim\AppData\Local\Temp\testng-eclipse--30106172\testng-customsuite.xml]]>
            </message>
            <full-stacktrace>
              <![CDATA[org.testng.TestNGException: 
Parameter 'user' is required by @Test on method usingInvalidCredentials but has not been marked @Optional or defined
in C:\Users\fahim\AppData\Local\Temp\testng-eclipse--30106172\testng-customsuite.xml
at org.testng.internal.Parameters.createParams(Parameters.java:268)
at org.testng.internal.Parameters.createParametersForMethod(Parameters.java:356)
at org.testng.internal.Parameters.createParameters(Parameters.java:700)
at org.testng.internal.Parameters.handleParameters(Parameters.java:875)
at org.testng.internal.Parameters.handleParameters(Parameters.java:740)
at org.testng.internal.ParameterHandler.handleParameters(ParameterHandler.java:59)
at org.testng.internal.ParameterHandler.createParameters(ParameterHandler.java:38)
at org.testng.internal.TestInvoker$MethodInvocationAgent.invoke(TestInvoker.java:788)
at org.testng.internal.TestInvoker.invokeTestMethods(TestInvoker.java:147)
at org.testng.internal.TestMethodWorker.invokeTestMethods(TestMethodWorker.java:146)
at org.testng.internal.TestMethodWorker.run(TestMethodWorker.java:128)
at java.util.ArrayList.forEach(ArrayList.java:1257)
at org.testng.TestRunner.privateRun(TestRunner.java:767)
at org.testng.TestRunner.run(TestRunner.java:588)
at org.testng.SuiteRunner.runTest(SuiteRunner.java:384)
at org.testng.SuiteRunner.runSequentially(SuiteRunner.java:378)
at org.testng.SuiteRunner.privateRun(SuiteRunner.java:337)
at org.testng.SuiteRunner.run(SuiteRunner.java:286)
at org.testng.SuiteRunnerWorker.runSuite(SuiteRunnerWorker.java:53)
at org.testng.SuiteRunnerWorker.run(SuiteRunnerWorker.java:96)
at org.testng.TestNG.runSuitesSequentially(TestNG.java:1214)
at org.testng.TestNG.runSuitesLocally(TestNG.java:1136)
at org.testng.TestNG.runSuites(TestNG.java:1066)
at org.testng.TestNG.run(TestNG.java:1034)
at org.testng.remote.AbstractRemoteTestNG.run(AbstractRemoteTestNG.java:115)
at org.testng.remote.RemoteTestNG.initAndRun(RemoteTestNG.java:251)
at org.testng.remote.RemoteTestNG.main(RemoteTestNG.java:77)
]]>
            </full-stacktrace>
          </exception> <!-- org.testng.TestNGException -->
          <reporter-output>
          </reporter-output>
        </test-method> <!-- usingInvalidCredentials -->
        <test-method status="PASS" signature="start()[pri:0, instance:com.salseFroce.TestScripts.LoginPageTest@5ae63ade]" name="start" is-config="true" duration-ms="10087" started-at="2022-02-11T12:18:40 EST" finished-at="2022-02-11T12:18:51 EST">
          <reporter-output>
          </reporter-output>
        </test-method> <!-- start -->
        <test-method status="PASS" signature="usingValidCredentials()[pri:0, instance:com.salseFroce.TestScripts.LoginPageTest@5ae63ade]" name="usingValidCredentials" duration-ms="1571" started-at="2022-02-11T12:18:51 EST" finished-at="2022-02-11T12:18:52 EST">
          <reporter-output>
          </reporter-output>
        </test-method> <!-- usingValidCredentials -->
        <test-method status="PASS" signature="finish()[pri:0, instance:com.salseFroce.TestScripts.LoginPageTest@5ae63ade]" name="finish" is-config="true" duration-ms="1140" started-at="2022-02-11T12:18:52 EST" finished-at="2022-02-11T12:18:53 EST">
          <reporter-output>
          </reporter-output>
        </test-method> <!-- finish -->
      </class> <!-- com.salseFroce.TestScripts.LoginPageTest -->
    </test> <!-- Default test -->
  </suite> <!-- Default suite -->
</testng-results>
